<?xml version="1.0" encoding="UTF-8"?>
<!-- Generated by org.testng.reporters.JUnitReportReporter -->
<testsuite hostname="sas-PC" name="gitHubTest.GitHubTest" tests="1" failures="0" timestamp="2 Jun 2019 06:40:11 GMT" time="30.342" errors="0">
  <testcase name="loginTest" time="30.342" classname="gitHubTest.GitHubTest"/>
</testsuite> <!-- gitHubTest.GitHubTest -->
